[debug] ----------------------------------------------------------------------
[debug] Command:      C:\Program Files\nodejs\node.exe C:\Users\Elmar\AppData\Roaming\npm\node_modules\firebase-tools\bin\firebase serve
[debug] CLI Version:  3.9.0
[debug] Platform:     win32
[debug] Node Version: v6.10.3
[debug] Time:         Mon May 22 2017 16:31:37 GMT+0200 (W. Europe Daylight Time)
[debug] ----------------------------------------------------------------------
[debug] 
[debug] > command requires scopes: ["email","openid","https://www.googleapis.com/auth/cloudplatformprojects.readonly","https://www.googleapis.com/auth/firebase","https://www.googleapis.com/auth/cloud-platform"]
[debug] >>> HTTP REQUEST GET https://admin.firebase.com/v1/projects/hubblebubble-58ec9  
 Mon May 22 2017 16:31:37 GMT+0200 (W. Europe Daylight Time)
[debug] <<< HTTP RESPONSE 200
[debug] >>> HTTP REQUEST GET https://admin.firebase.com/v1/database/hubblebubble-58ec9/tokens  
 Mon May 22 2017 16:31:38 GMT+0200 (W. Europe Daylight Time)
[debug] <<< HTTP RESPONSE 200
[info] 
[info] === Serving from 'C:\Users\Elmar\Source\Repos\HubbleBubble.html\HubbleBubble.html'...
[info] 
[debug] >>> HTTP REQUEST GET https://cloudresourcemanager.googleapis.com/v1/projects/hubblebubble-58ec9  
 Mon May 22 2017 16:31:39 GMT+0200 (W. Europe Daylight Time)
[debug] <<< HTTP RESPONSE 200
[debug] >>> HTTP REQUEST GET https://mobilesdk-pa.googleapis.com/v1/projects/889012243145/clients/_:getWebAppConfig  
 Mon May 22 2017 16:31:39 GMT+0200 (W. Europe Daylight Time)
[debug] <<< HTTP RESPONSE 200
[info] i  hosting: Serving hosting files from: public
[info] +  hosting: Local server: http://localhost:5000

